<?xml version="1.0" encoding="UTF-8"?>
<!-- Generated by org.testng.reporters.JUnitXMLReporter -->
<testsuite ignored="0" hostname="LAPTOP-T51A3O5O" failures="1" tests="3" name="Test" time="0.066" errors="0" timestamp="2023-09-09T23:44:06 IST">
  <testcase classname="TestNgPack.MyClass1" name="ind" time="0.012"/>
  <testcase classname="TestNgPack.MyClass1" name="pak" time="0.002"/>
  <testcase classname="TestNgPack.MyClass1" name="uk" time="0.002">
    <failure type="java.lang.AssertionError" message="expected [United King] but found [United Kingdom]">
      <![CDATA[java.lang.AssertionError: expected [United King] but found [United Kingdom]
at TestNgPack.MyClass1.uk(MyClass1.java:19)
at java.base/java.util.ArrayList.forEach(ArrayList.java:1511)
... Removed 33 stack frames]]>
    </failure>
  </testcase> <!-- uk -->
</testsuite> <!-- Test -->
